Build started 10/14/2015 6:32:51 PM.
     1>Project "C:\Users\Charles\Desktop\C++ Projects\Projects\Circles\Circles\Circles.vcxproj" on node 2 (Build target(s)).
     1>Link:
         C:\Program Files (x86)\Microsoft Visual Studio 12.0\VC\bin\link.exe /ERRORREPORT:PROMPT /OUT:"C:\Users\Charles\Desktop\C++ Projects\Projects\Circles\Debug\Circles.exe" /INCREMENTAL /NOLOGO /LIBPATH:./lib SDL2.lib SDL2main.lib SDL2_mixer.lib SDL2_image.lib SDL2_ttf.lib kernel32.lib user32.lib gdi32.lib winspool.lib comdlg32.lib advapi32.lib shell32.lib ole32.lib oleaut32.lib uuid.lib odbc32.lib odbccp32.lib /MANIFEST /MANIFESTUAC:"level='asInvoker' uiAccess='false'" /manifest:embed /DEBUG /PDB:"C:\Users\Charles\Desktop\C++ Projects\Projects\Circles\Debug\Circles.pdb" /SUBSYSTEM:CONSOLE /TLBID:1 /DYNAMICBASE /NXCOMPAT /IMPLIB:"C:\Users\Charles\Desktop\C++ Projects\Projects\Circles\Debug\Circles.lib" /MACHINE:X86 Debug\Collision.obj
         Debug\InfoObjects.obj
         Debug\Main.obj
         Debug\Game.obj
         Debug\Mouse.obj
         Debug\Music.obj
         Debug\planets.obj
         Debug\Player.obj
         Debug\Score.obj
         Debug\SDL_setup.obj
         Debug\SolarSystem.obj
         Debug\SpaceJunk.obj
         Debug\sprites.obj
         Debug\Text.obj
     1>MSVCRTD.lib(cinitexe.obj) : warning LNK4098: defaultlib 'msvcrt.lib' conflicts with use of other libs; use /NODEFAULTLIB:library
         Circles.vcxproj -> C:\Users\Charles\Desktop\C++ Projects\Projects\Circles\Debug\Circles.exe
     1>Done Building Project "C:\Users\Charles\Desktop\C++ Projects\Projects\Circles\Circles\Circles.vcxproj" (Build target(s)).

Build succeeded.

Time Elapsed 00:00:00.35
