Build started 10/14/2015 6:33:00 PM.
     1>Project "C:\Users\Charles\Desktop\C++ Projects\Projects\Circles\Circles\Circles.vcxproj" on node 2 (Build target(s)).
     1>Link:
         C:\Program Files (x86)\Microsoft Visual Studio 12.0\VC\bin\link.exe /ERRORREPORT:PROMPT /OUT:"C:\Users\Charles\Desktop\C++ Projects\Projects\Circles\Release\Circles.exe" /INCREMENTAL:NO /NOLOGO /LIBPATH:./lib SDL2.lib SDL2main.lib SDL2_mixer.lib SDL2_image.lib SDL2_ttf.lib kernel32.lib user32.lib gdi32.lib winspool.lib comdlg32.lib advapi32.lib shell32.lib ole32.lib oleaut32.lib uuid.lib odbc32.lib odbccp32.lib /MANIFEST /MANIFESTUAC:"level='asInvoker' uiAccess='false'" /manifest:embed /DEBUG /PDB:"C:\Users\Charles\Desktop\C++ Projects\Projects\Circles\Release\Circles.pdb" /SUBSYSTEM:CONSOLE /OPT:REF /OPT:ICF /LTCG /TLBID:1 /DYNAMICBASE /NXCOMPAT /IMPLIB:"C:\Users\Charles\Desktop\C++ Projects\Projects\Circles\Release\Circles.lib" /MACHINE:X86 /SAFESEH Release\Collision.obj
         Release\InfoObjects.obj
         Release\Main.obj
         Release\Game.obj
         Release\Mouse.obj
         Release\Music.obj
         Release\planets.obj
         Release\Player.obj
         Release\Score.obj
         Release\SDL_setup.obj
         Release\SolarSystem.obj
         Release\SpaceJunk.obj
         Release\sprites.obj
         Release\Text.obj
         Generating code
         Finished generating code
         Circles.vcxproj -> C:\Users\Charles\Desktop\C++ Projects\Projects\Circles\Release\Circles.exe
     1>Done Building Project "C:\Users\Charles\Desktop\C++ Projects\Projects\Circles\Circles\Circles.vcxproj" (Build target(s)).

Build succeeded.

Time Elapsed 00:00:00.95
