c:\users\charles\desktop\c++ projects\projects\circles\circles\release\vc120.pdb
c:\users\charles\desktop\c++ projects\projects\circles\circles\release\text.obj
c:\users\charles\desktop\c++ projects\projects\circles\circles\release\sprites.obj
c:\users\charles\desktop\c++ projects\projects\circles\circles\release\spacejunk.obj
c:\users\charles\desktop\c++ projects\projects\circles\circles\release\solarsystem.obj
c:\users\charles\desktop\c++ projects\projects\circles\circles\release\sdl_setup.obj
c:\users\charles\desktop\c++ projects\projects\circles\circles\release\score.obj
c:\users\charles\desktop\c++ projects\projects\circles\circles\release\player.obj
c:\users\charles\desktop\c++ projects\projects\circles\circles\release\planets.obj
c:\users\charles\desktop\c++ projects\projects\circles\circles\release\music.obj
c:\users\charles\desktop\c++ projects\projects\circles\circles\release\mouse.obj
c:\users\charles\desktop\c++ projects\projects\circles\circles\release\game.obj
c:\users\charles\desktop\c++ projects\projects\circles\circles\release\main.obj
c:\users\charles\desktop\c++ projects\projects\circles\circles\release\infoobjects.obj
c:\users\charles\desktop\c++ projects\projects\circles\circles\release\collision.obj
c:\users\charles\desktop\c++ projects\projects\circles\release\circles.exe
c:\users\charles\desktop\c++ projects\projects\circles\release\circles.pdb
c:\users\charles\desktop\c++ projects\projects\circles\circles\release\circles.tlog\cl.command.1.tlog
c:\users\charles\desktop\c++ projects\projects\circles\circles\release\circles.tlog\cl.read.1.tlog
c:\users\charles\desktop\c++ projects\projects\circles\circles\release\circles.tlog\cl.write.1.tlog
c:\users\charles\desktop\c++ projects\projects\circles\circles\release\circles.tlog\link.command.1.tlog
c:\users\charles\desktop\c++ projects\projects\circles\circles\release\circles.tlog\link.read.1.tlog
c:\users\charles\desktop\c++ projects\projects\circles\circles\release\circles.tlog\link.write.1.tlog
